build/outputs/logs/manifest-merger-debug-report.txt
-- Merging decision tree log ---
manifest
ADDED from AndroidManifest.xml:2:1-174:12
	package
		ADDED from AndroidManifest.xml:3:5-45
	android:versionName
		ADDED from AndroidManifest.xml:5:5-32
	android:versionCode
		ADDED from AndroidManifest.xml:4:5-28
		INJECTED from AndroidManifest.xml
		INJECTED from AndroidManifest.xml
	xmlns:android
		ADDED from AndroidManifest.xml:2:11-69
uses-sdk
ADDED from AndroidManifest.xml:7:5-9:41
MERGED from [CypressPoint:library:unspecified] AndroidManifest.xml:7:5-43
MERGED from [com.android.support:support-v4:20.0.0] AndroidManifest.xml:16:5-42
MERGED from [com.android.support:appcompat-v7:20.0.0] AndroidManifest.xml:16:5-42
MERGED from [com.android.support:support-v4:20.0.0] AndroidManifest.xml:16:5-42
MERGED from [CypressPoint:library_userimg:unspecified] AndroidManifest.xml:7:5-9:41
MERGED from [CypressPoint:SlideSwitch:unspecified] AndroidManifest.xml:7:5-9:41
MERGED from [com.android.support:support-v4:20.0.0] AndroidManifest.xml:16:5-42
	android:targetSdkVersion
		ADDED from AndroidManifest.xml:9:9-38
		INJECTED from AndroidManifest.xml
		INJECTED from AndroidManifest.xml
	android:minSdkVersion
		ADDED from AndroidManifest.xml:8:9-35
		INJECTED from AndroidManifest.xml
		INJECTED from AndroidManifest.xml
supports-screens
ADDED from AndroidManifest.xml:11:5-16:39
	android:largeScreens
		ADDED from AndroidManifest.xml:13:8-35
	android:smallScreens
		ADDED from AndroidManifest.xml:15:8-35
	android:normalScreens
		ADDED from AndroidManifest.xml:14:8-36
	android:xlargeScreens
		ADDED from AndroidManifest.xml:16:8-36
	android:anyDensity
		ADDED from AndroidManifest.xml:12:8-33
application
ADDED from AndroidManifest.xml:22:5-149:19
MERGED from [CypressPoint:library:unspecified] AndroidManifest.xml:9:5-20
MERGED from [com.android.support:support-v4:20.0.0] AndroidManifest.xml:17:5-19
MERGED from [com.android.support:appcompat-v7:20.0.0] AndroidManifest.xml:17:5-19
MERGED from [com.android.support:support-v4:20.0.0] AndroidManifest.xml:17:5-19
MERGED from [CypressPoint:library_userimg:unspecified] AndroidManifest.xml:11:5-12:19
MERGED from [CypressPoint:SlideSwitch:unspecified] AndroidManifest.xml:11:5-12:19
MERGED from [com.android.support:support-v4:20.0.0] AndroidManifest.xml:17:5-19
	android:label
		ADDED from AndroidManifest.xml:27:9-41
	android:allowBackup
		ADDED from AndroidManifest.xml:25:9-35
	android:icon
		ADDED from AndroidManifest.xml:26:9-39
	android:theme
		ADDED from AndroidManifest.xml:28:9-40
	android:name
		ADDED from AndroidManifest.xml:23:10-66
activity#cn.com.zcty.ILovegolf.activity.view.login_register.SplashActivity
ADDED from AndroidManifest.xml:29:9-39:20
	android:screenOrientation
		ADDED from AndroidManifest.xml:32:13-49
	android:label
		ADDED from AndroidManifest.xml:31:13-45
	android:name
		ADDED from AndroidManifest.xml:30:13-93
intent-filter#android.intent.action.MAIN+android.intent.category.LAUNCHER
ADDED from AndroidManifest.xml:35:13-38:29
action#android.intent.action.MAIN
ADDED from AndroidManifest.xml:36:17-69
	android:name
		ADDED from AndroidManifest.xml:36:25-66
category#android.intent.category.LAUNCHER
ADDED from AndroidManifest.xml:37:17-77
	android:name
		ADDED from AndroidManifest.xml:37:27-74
activity#cn.com.zcty.ILovegolf.activity.view.login_register.LoginActivity
ADDED from AndroidManifest.xml:40:11-149
	android:screenOrientation
		ADDED from AndroidManifest.xml:40:101-137
	android:name
		ADDED from AndroidManifest.xml:40:21-100
activity#cn.com.zcty.ILovegolf.activity.view.login_register.RegisterSuccessActivity
ADDED from AndroidManifest.xml:41:9-157
	android:screenOrientation
		ADDED from AndroidManifest.xml:41:109-145
	android:name
		ADDED from AndroidManifest.xml:41:19-108
activity#cn.com.zcty.ILovegolf.activity.view.login_register.ShouYeActivity
ADDED from AndroidManifest.xml:42:9-148
	android:screenOrientation
		ADDED from AndroidManifest.xml:42:100-136
	android:name
		ADDED from AndroidManifest.xml:42:19-99
activity#cn.com.zcty.ILovegolf.activity.view.login_register.RegisterActivity
ADDED from AndroidManifest.xml:43:9-150
	android:screenOrientation
		ADDED from AndroidManifest.xml:43:102-138
	android:name
		ADDED from AndroidManifest.xml:43:19-101
activity#cn.com.zcty.ILovegolf.activity.view.login_register.ForGetPasswordActivity
ADDED from AndroidManifest.xml:44:9-156
	android:screenOrientation
		ADDED from AndroidManifest.xml:44:108-144
	android:name
		ADDED from AndroidManifest.xml:44:19-107
activity#cn.com.zcty.ILovegolf.activity.view.ScoreCardUpDateActivity
ADDED from AndroidManifest.xml:45:9-142
	android:screenOrientation
		ADDED from AndroidManifest.xml:45:94-130
	android:name
		ADDED from AndroidManifest.xml:45:19-93
activity#cn.com.zcty.ILovegolf.activity.view.TabHostActivity
ADDED from AndroidManifest.xml:48:9-134
	android:screenOrientation
		ADDED from AndroidManifest.xml:48:86-122
	android:name
		ADDED from AndroidManifest.xml:48:19-85
activity#cn.com.zcty.ILovegolf.activity.view.SchematicScoreActivity
ADDED from AndroidManifest.xml:49:9-141
	android:screenOrientation
		ADDED from AndroidManifest.xml:49:93-129
	android:name
		ADDED from AndroidManifest.xml:49:19-92
activity#cn.com.zcty.ILovegolf.activity.view.myself.Myself
ADDED from AndroidManifest.xml:50:9-132
	android:screenOrientation
		ADDED from AndroidManifest.xml:50:84-120
	android:name
		ADDED from AndroidManifest.xml:50:19-83
activity#cn.com.zcty.ILovegolf.activity.view.count.CountActivity
ADDED from AndroidManifest.xml:51:9-138
	android:screenOrientation
		ADDED from AndroidManifest.xml:51:90-126
	android:name
		ADDED from AndroidManifest.xml:51:19-89
activity#cn.com.zcty.ILovegolf.activity.view.ExerciseActivity
ADDED from AndroidManifest.xml:52:9-135
	android:screenOrientation
		ADDED from AndroidManifest.xml:52:87-123
	android:name
		ADDED from AndroidManifest.xml:52:19-86
activity#cn.com.zcty.ILovegolf.activity.view.ChoosePitchActivity
ADDED from AndroidManifest.xml:53:9-138
	android:screenOrientation
		ADDED from AndroidManifest.xml:53:90-126
	android:name
		ADDED from AndroidManifest.xml:53:19-89
activity#cn.com.zcty.ILovegolf.activity.view.PlaySetActivity
ADDED from AndroidManifest.xml:55:9-134
	android:screenOrientation
		ADDED from AndroidManifest.xml:55:86-122
	android:name
		ADDED from AndroidManifest.xml:55:19-85
activity#cn.com.zcty.ILovegolf.activity.view.QuickScoreActivity
ADDED from AndroidManifest.xml:56:9-137
	android:screenOrientation
		ADDED from AndroidManifest.xml:56:89-125
	android:name
		ADDED from AndroidManifest.xml:56:19-88
activity#cn.com.zcty.ILovegolf.activity.view.ScoreCardActivity
ADDED from AndroidManifest.xml:57:9-136
	android:screenOrientation
		ADDED from AndroidManifest.xml:57:88-124
	android:name
		ADDED from AndroidManifest.xml:57:19-87
activity#cn.com.zcty.ILovegolf.activity.view.ListChoosePitchActivity
ADDED from AndroidManifest.xml:59:9-142
	android:screenOrientation
		ADDED from AndroidManifest.xml:59:94-130
	android:name
		ADDED from AndroidManifest.xml:59:19-93
activity#cn.com.zcty.ILovegolf.activity.view.MajorChoosePitchActivity
ADDED from AndroidManifest.xml:61:9-143
	android:screenOrientation
		ADDED from AndroidManifest.xml:61:95-131
	android:name
		ADDED from AndroidManifest.xml:61:19-94
activity#cn.com.zcty.ILovegolf.activity.view.MajorScoreCardActivity
ADDED from AndroidManifest.xml:62:9-141
	android:screenOrientation
		ADDED from AndroidManifest.xml:62:93-129
	android:name
		ADDED from AndroidManifest.xml:62:19-92
activity#cn.com.zcty.ILovegolf.activity.view.MajorScoreActivity
ADDED from AndroidManifest.xml:63:9-137
	android:screenOrientation
		ADDED from AndroidManifest.xml:63:89-125
	android:name
		ADDED from AndroidManifest.xml:63:19-88
activity#cn.com.zcty.ILovegolf.activity.view.myself.InformationChangesActivity
ADDED from AndroidManifest.xml:64:9-152
	android:screenOrientation
		ADDED from AndroidManifest.xml:64:104-140
	android:name
		ADDED from AndroidManifest.xml:64:19-103
activity#cn.com.zcty.ILovegolf.activity.view.count.AnalyzeActivity
ADDED from AndroidManifest.xml:65:9-140
	android:screenOrientation
		ADDED from AndroidManifest.xml:65:92-128
	android:name
		ADDED from AndroidManifest.xml:65:19-91
activity#cn.com.zcty.ILovegolf.activity.view.count.AnalyzeResultActivity
ADDED from AndroidManifest.xml:66:9-146
	android:screenOrientation
		ADDED from AndroidManifest.xml:66:98-134
	android:name
		ADDED from AndroidManifest.xml:66:19-97
activity#cn.com.zcty.ILovegolf.activity.view.count.AnalyzePKResultActivity
ADDED from AndroidManifest.xml:67:9-148
	android:screenOrientation
		ADDED from AndroidManifest.xml:67:100-136
	android:name
		ADDED from AndroidManifest.xml:67:19-99
activity#cn.com.zcty.ILovegolf.activity.view.count.AnalyzePKActivity
ADDED from AndroidManifest.xml:68:9-142
	android:screenOrientation
		ADDED from AndroidManifest.xml:68:94-130
	android:name
		ADDED from AndroidManifest.xml:68:19-93
activity#cn.com.zcty.ILovegolf.activity.view.MajorStatisticsActivity
ADDED from AndroidManifest.xml:69:9-142
	android:screenOrientation
		ADDED from AndroidManifest.xml:69:94-130
	android:name
		ADDED from AndroidManifest.xml:69:19-93
activity#cn.com.zcty.ILovegolf.activity.view.AverageAvtivity
ADDED from AndroidManifest.xml:70:9-135
	android:screenOrientation
		ADDED from AndroidManifest.xml:70:86-122
	android:name
		ADDED from AndroidManifest.xml:70:19-85
activity#cn.com.zcty.ILovegolf.activity.view.PuttsActivity
ADDED from AndroidManifest.xml:71:9-132
	android:screenOrientation
		ADDED from AndroidManifest.xml:71:84-120
	android:name
		ADDED from AndroidManifest.xml:71:19-83
activity#cn.com.zcty.ILovegolf.activity.view.SandpickActivity
ADDED from AndroidManifest.xml:72:9-135
	android:screenOrientation
		ADDED from AndroidManifest.xml:72:87-123
	android:name
		ADDED from AndroidManifest.xml:72:19-86
activity#cn.com.zcty.ILovegolf.activity.view.ChipActivity
ADDED from AndroidManifest.xml:73:9-131
	android:screenOrientation
		ADDED from AndroidManifest.xml:73:83-119
	android:name
		ADDED from AndroidManifest.xml:73:19-82
activity#cn.com.zcty.ILovegolf.activity.view.GreenActivity
ADDED from AndroidManifest.xml:74:9-132
	android:screenOrientation
		ADDED from AndroidManifest.xml:74:84-120
	android:name
		ADDED from AndroidManifest.xml:74:19-83
activity#cn.com.zcty.ILovegolf.activity.view.ScoreHitActivity
ADDED from AndroidManifest.xml:75:9-135
	android:screenOrientation
		ADDED from AndroidManifest.xml:75:87-123
	android:name
		ADDED from AndroidManifest.xml:75:19-86
activity#cn.com.zcty.ILovegolf.activity.view.MajorListChoosePitchActivity
ADDED from AndroidManifest.xml:76:9-147
	android:screenOrientation
		ADDED from AndroidManifest.xml:76:99-135
	android:name
		ADDED from AndroidManifest.xml:76:19-98
activity#cn.com.zcty.ILovegolf.activity.view.competition.CompetitionChoosePitchActivity
ADDED from AndroidManifest.xml:77:9-161
	android:screenOrientation
		ADDED from AndroidManifest.xml:77:113-149
	android:name
		ADDED from AndroidManifest.xml:77:19-112
activity#cn.com.zcty.ILovegolf.activity.view.competition.CompetitionListChoosePitchActivity
ADDED from AndroidManifest.xml:78:9-165
	android:screenOrientation
		ADDED from AndroidManifest.xml:78:117-153
	android:name
		ADDED from AndroidManifest.xml:78:19-116
activity#cn.com.zcty.ILovegolf.activity.view.KickActivity
ADDED from AndroidManifest.xml:79:9-131
	android:screenOrientation
		ADDED from AndroidManifest.xml:79:83-119
	android:name
		ADDED from AndroidManifest.xml:79:19-82
activity#cn.com.zcty.ILovegolf.activity.view.GanCountActivity
ADDED from AndroidManifest.xml:80:9-135
	android:screenOrientation
		ADDED from AndroidManifest.xml:80:87-123
	android:name
		ADDED from AndroidManifest.xml:80:19-86
activity#cn.com.zcty.ILovegolf.activity.view.QiuGanActivity
ADDED from AndroidManifest.xml:81:10-134
	android:screenOrientation
		ADDED from AndroidManifest.xml:81:86-122
	android:name
		ADDED from AndroidManifest.xml:81:20-85
activity#cn.com.zcty.ILovegolf.activity.view.competition.CompetitionScoreActivity
ADDED from AndroidManifest.xml:82:9-155
	android:screenOrientation
		ADDED from AndroidManifest.xml:82:107-143
	android:name
		ADDED from AndroidManifest.xml:82:19-106
activity#cn.com.zcty.ILovegolf.activity.view.competition.CompetitionHomeActivity
ADDED from AndroidManifest.xml:83:9-154
	android:screenOrientation
		ADDED from AndroidManifest.xml:83:106-142
	android:name
		ADDED from AndroidManifest.xml:83:19-105
activity#cn.com.zcty.ILovegolf.activity.view.competition.CompetitionNewActivity
ADDED from AndroidManifest.xml:84:9-153
	android:screenOrientation
		ADDED from AndroidManifest.xml:84:105-141
	android:name
		ADDED from AndroidManifest.xml:84:19-104
activity#cn.com.zcty.ILovegolf.activity.view.competition.CompetitionScordActivity
ADDED from AndroidManifest.xml:85:9-155
	android:screenOrientation
		ADDED from AndroidManifest.xml:85:107-143
	android:name
		ADDED from AndroidManifest.xml:85:19-106
activity#cn.com.zcty.ILovegolf.activity.view.competition.CompetitionAdd
ADDED from AndroidManifest.xml:86:8-144
	android:screenOrientation
		ADDED from AndroidManifest.xml:86:96-132
	android:name
		ADDED from AndroidManifest.xml:86:18-95
activity#cn.com.zcty.ILovegolf.activity.view.SelfhoodActivity
ADDED from AndroidManifest.xml:88:9-135
	android:screenOrientation
		ADDED from AndroidManifest.xml:88:87-123
	android:name
		ADDED from AndroidManifest.xml:88:19-86
activity#cn.com.zcty.ILovegolf.activity.view.competition.CompetitionPassWord
ADDED from AndroidManifest.xml:89:9-193
	android:screenOrientation
		ADDED from AndroidManifest.xml:89:145-181
	android:theme
		ADDED from AndroidManifest.xml:89:102-144
	android:name
		ADDED from AndroidManifest.xml:89:19-101
activity#cn.com.zcty.ILovegolf.activity.view.competition.SginText
ADDED from AndroidManifest.xml:90:9-139
	android:screenOrientation
		ADDED from AndroidManifest.xml:90:91-127
	android:name
		ADDED from AndroidManifest.xml:90:19-90
activity#cn.com.zcty.ILovegolf.activity.view.RankingActivity
ADDED from AndroidManifest.xml:91:9-134
	android:screenOrientation
		ADDED from AndroidManifest.xml:91:86-122
	android:name
		ADDED from AndroidManifest.xml:91:19-85
activity#cn.com.zcty.ILovegolf.activity.view.myself.BingDingActivity
ADDED from AndroidManifest.xml:92:8-141
	android:screenOrientation
		ADDED from AndroidManifest.xml:92:93-129
	android:name
		ADDED from AndroidManifest.xml:92:18-92
activity#cn.com.zcty.ILovegolf.activity.view.myself.VerifyPhoneActivity
ADDED from AndroidManifest.xml:93:9-145
	android:screenOrientation
		ADDED from AndroidManifest.xml:93:97-133
	android:name
		ADDED from AndroidManifest.xml:93:19-96
activity#cn.com.zcty.ILovegolf.activity.view.myself.SettingActivity
ADDED from AndroidManifest.xml:94:8-140
	android:screenOrientation
		ADDED from AndroidManifest.xml:94:92-128
	android:name
		ADDED from AndroidManifest.xml:94:18-91
activity#cn.com.zcty.ILovegolf.activity.view.InviteActivity
ADDED from AndroidManifest.xml:95:8-132
	android:screenOrientation
		ADDED from AndroidManifest.xml:95:84-120
	android:name
		ADDED from AndroidManifest.xml:95:18-83
activity#cn.com.zcty.ILovegolf.activity.view.myself.ChangesPwsActivity
ADDED from AndroidManifest.xml:96:8-143
	android:screenOrientation
		ADDED from AndroidManifest.xml:96:95-131
	android:name
		ADDED from AndroidManifest.xml:96:18-94
activity#cn.com.zcty.ILovegolf.activity.view.myself.ChangesPhone
ADDED from AndroidManifest.xml:97:8-137
	android:screenOrientation
		ADDED from AndroidManifest.xml:97:89-125
	android:name
		ADDED from AndroidManifest.xml:97:18-88
activity#cn.com.zcty.ILovegolf.activity.view.myself.FeedBackActivity
ADDED from AndroidManifest.xml:98:8-141
	android:screenOrientation
		ADDED from AndroidManifest.xml:98:93-129
	android:name
		ADDED from AndroidManifest.xml:98:18-92
activity#cn.com.zcty.ILovegolf.activity.view.HomePageActivity
ADDED from AndroidManifest.xml:99:8-166
	android:screenOrientation
		ADDED from AndroidManifest.xml:99:86-122
	android:launchMode
		ADDED from AndroidManifest.xml:99:123-154
	android:name
		ADDED from AndroidManifest.xml:99:18-85
activity#cn.com.zcty.ILovegolf.activity.view.myself.SettionsActivity
ADDED from AndroidManifest.xml:101:8-141
	android:screenOrientation
		ADDED from AndroidManifest.xml:101:93-129
	android:name
		ADDED from AndroidManifest.xml:101:18-92
activity#cn.com.zcty.ILovegolf.activity.view.login_register.GuidActivity
ADDED from AndroidManifest.xml:102:8-145
	android:screenOrientation
		ADDED from AndroidManifest.xml:102:97-133
	android:name
		ADDED from AndroidManifest.xml:102:18-96
activity#cn.com.zcty.ILovegolf.activity.view.myself.SelecPicpupExit
ADDED from AndroidManifest.xml:104:8-183
	android:screenOrientation
		ADDED from AndroidManifest.xml:104:135-171
	android:theme
		ADDED from AndroidManifest.xml:104:92-134
	android:name
		ADDED from AndroidManifest.xml:104:18-91
activity#cn.com.zcty.ILovegolf.activity.view.myself.SelectPicPopupWindow
ADDED from AndroidManifest.xml:105:9-189
	android:screenOrientation
		ADDED from AndroidManifest.xml:105:141-177
	android:theme
		ADDED from AndroidManifest.xml:105:98-140
	android:name
		ADDED from AndroidManifest.xml:105:19-97
activity#cn.com.zcty.ILovegolf.activity.view.count.PicPopupWindow
ADDED from AndroidManifest.xml:106:8-181
	android:screenOrientation
		ADDED from AndroidManifest.xml:106:133-169
	android:theme
		ADDED from AndroidManifest.xml:106:90-132
	android:name
		ADDED from AndroidManifest.xml:106:18-89
activity#cn.com.zcty.ILovegolf.activity.view.StatisticsAvtivity
ADDED from AndroidManifest.xml:107:9-109:25
	android:configChanges
		ADDED from AndroidManifest.xml:108:15-61
	android:name
		ADDED from AndroidManifest.xml:107:19-88
activity#cn.com.zcty.ILovegolf.activity.view.StatisticsActivityLand
ADDED from AndroidManifest.xml:110:9-112:22
	android:configChanges
		ADDED from AndroidManifest.xml:111:15-61
	android:name
		ADDED from AndroidManifest.xml:110:19-92
activity#cn.com.zcty.ILovegolf.activity.view.MajorStatisticsActivityScord
ADDED from AndroidManifest.xml:114:10-149
	android:screenOrientation
		ADDED from AndroidManifest.xml:114:100-136
	android:name
		ADDED from AndroidManifest.xml:114:20-99
activity#cn.com.zcty.ILovegolf.activity.view.RankingStatics
ADDED from AndroidManifest.xml:115:10-144
	android:configChanges
		ADDED from AndroidManifest.xml:115:86-132
	android:name
		ADDED from AndroidManifest.xml:115:20-85
activity#cn.com.zcty.ILovegolf.activity.view.RankingStaticsLand
ADDED from AndroidManifest.xml:116:10-118:33
	android:configChanges
		ADDED from AndroidManifest.xml:117:21-67
	android:name
		ADDED from AndroidManifest.xml:116:20-89
activity#cn.com.zcty.ILovegolf.activity.view.myself.AboutMyself
ADDED from AndroidManifest.xml:120:9-137
	android:screenOrientation
		ADDED from AndroidManifest.xml:120:89-125
	android:name
		ADDED from AndroidManifest.xml:120:19-88
activity#cn.com.zcty.ILovegolf.activity.view.HelpAverageActivity
ADDED from AndroidManifest.xml:122:10-182
	android:screenOrientation
		ADDED from AndroidManifest.xml:122:91-127
	android:theme
		ADDED from AndroidManifest.xml:122:128-170
	android:name
		ADDED from AndroidManifest.xml:122:20-90
activity#cn.com.zcty.ILovegolf.activity.view.CreateMatchActivity
ADDED from AndroidManifest.xml:123:10-139
	android:screenOrientation
		ADDED from AndroidManifest.xml:123:91-127
	android:name
		ADDED from AndroidManifest.xml:123:20-90
activity#cn.com.zcty.ILovegolf.activity.view.CreateScoreCard
ADDED from AndroidManifest.xml:124:11-136
	android:screenOrientation
		ADDED from AndroidManifest.xml:124:88-124
	android:name
		ADDED from AndroidManifest.xml:124:21-87
activity#cn.com.zcty.ILovegolf.activity.view.AddMatchActivity
ADDED from AndroidManifest.xml:125:10-136
	android:screenOrientation
		ADDED from AndroidManifest.xml:125:88-124
	android:name
		ADDED from AndroidManifest.xml:125:20-87
activity#cn.com.zcty.ILovegolf.doudizhu.DoudizhuMain
ADDED from AndroidManifest.xml:127:9-148
	android:screenOrientation
		ADDED from AndroidManifest.xml:127:78-114
	android:launchMode
		ADDED from AndroidManifest.xml:127:115-146
	android:name
		ADDED from AndroidManifest.xml:127:19-77
activity#cn.com.zcty.ILovegolf.doudizhu.AtyBidongStart
ADDED from AndroidManifest.xml:128:9-118
	android:screenOrientation
		ADDED from AndroidManifest.xml:128:80-116
	android:name
		ADDED from AndroidManifest.xml:128:19-79
activity#cn.com.zcty.ILovegolf.doudizhu.AtyDoudizhuStart
ADDED from AndroidManifest.xml:129:9-120
	android:screenOrientation
		ADDED from AndroidManifest.xml:129:82-118
	android:name
		ADDED from AndroidManifest.xml:129:19-81
activity#cn.com.zcty.ILovegolf.doudizhu.AtyVegasStart
ADDED from AndroidManifest.xml:130:9-117
	android:screenOrientation
		ADDED from AndroidManifest.xml:130:79-115
	android:name
		ADDED from AndroidManifest.xml:130:19-78
activity#cn.com.zcty.ILovegolf.doudizhu.BdChoosePars
ADDED from AndroidManifest.xml:131:9-116
	android:screenOrientation
		ADDED from AndroidManifest.xml:131:78-114
	android:name
		ADDED from AndroidManifest.xml:131:19-77
activity#cn.com.zcty.ILovegolf.doudizhu.PlayerChoosePars
ADDED from AndroidManifest.xml:132:9-133:15
	android:screenOrientation
		ADDED from AndroidManifest.xml:132:82-118
	android:name
		ADDED from AndroidManifest.xml:132:19-81
activity#cn.com.zcty.ILovegolf.doudizhu.History
ADDED from AndroidManifest.xml:134:9-111
	android:screenOrientation
		ADDED from AndroidManifest.xml:134:73-109
	android:name
		ADDED from AndroidManifest.xml:134:19-72
activity#cn.com.zcty.ILovegolf.doudizhu.BirdActivity
ADDED from AndroidManifest.xml:135:9-159
	android:screenOrientation
		ADDED from AndroidManifest.xml:135:78-114
	android:theme
		ADDED from AndroidManifest.xml:135:115-157
	android:name
		ADDED from AndroidManifest.xml:135:19-77
activity#cn.com.zcty.ILovegolf.doudizhu.LaoyingActivity
ADDED from AndroidManifest.xml:136:9-162
	android:screenOrientation
		ADDED from AndroidManifest.xml:136:81-117
	android:theme
		ADDED from AndroidManifest.xml:136:118-160
	android:name
		ADDED from AndroidManifest.xml:136:19-80
activity#cn.com.zcty.ILovegolf.doudizhu.ShuangBeibzgActivity
ADDED from AndroidManifest.xml:137:9-167
	android:screenOrientation
		ADDED from AndroidManifest.xml:137:86-122
	android:theme
		ADDED from AndroidManifest.xml:137:123-165
	android:name
		ADDED from AndroidManifest.xml:137:19-85
activity#cn.com.zcty.ILovegolf.doudizhu.RankActivity
ADDED from AndroidManifest.xml:138:9-116
	android:screenOrientation
		ADDED from AndroidManifest.xml:138:78-114
	android:name
		ADDED from AndroidManifest.xml:138:19-77
service#com.baidu.location.f
ADDED from AndroidManifest.xml:140:9-148:19
	android:enabled
		ADDED from AndroidManifest.xml:142:13-35
	android:process
		ADDED from AndroidManifest.xml:143:13-38
	android:name
		ADDED from AndroidManifest.xml:141:13-48
intent-filter#com.baidu.location.service_v2.2
ADDED from AndroidManifest.xml:144:13-147:29
action#com.baidu.location.service_v2.2
ADDED from AndroidManifest.xml:145:17-146:26
	android:name
		ADDED from AndroidManifest.xml:145:25-71
uses-permission#android.permission.ACCESS_COARSE_LOCATION
ADDED from AndroidManifest.xml:152:5-153:23
	android:name
		ADDED from AndroidManifest.xml:152:22-78
uses-permission#android.permission.ACCESS_FINE_LOCATION
ADDED from AndroidManifest.xml:154:5-155:23
	android:name
		ADDED from AndroidManifest.xml:154:22-76
uses-permission#android.permission.ACCESS_WIFI_STATE
ADDED from AndroidManifest.xml:156:5-157:23
	android:name
		ADDED from AndroidManifest.xml:156:22-73
uses-permission#android.permission.ACCESS_NETWORK_STATE
ADDED from AndroidManifest.xml:158:5-159:23
	android:name
		ADDED from AndroidManifest.xml:158:22-76
uses-permission#android.permission.CHANGE_WIFI_STATE
ADDED from AndroidManifest.xml:160:5-161:23
	android:name
		ADDED from AndroidManifest.xml:160:22-73
uses-permission#android.permission.READ_PHONE_STATE
ADDED from AndroidManifest.xml:162:5-163:23
	android:name
		ADDED from AndroidManifest.xml:162:22-72
uses-permission#android.permission.WRITE_EXTERNAL_STORAGE
ADDED from AndroidManifest.xml:164:5-165:23
	android:name
		ADDED from AndroidManifest.xml:164:22-78
uses-permission#android.permission.INTERNET
ADDED from AndroidManifest.xml:166:5-67
	android:name
		ADDED from AndroidManifest.xml:166:22-64
uses-permission#android.permission.MOUNT_UNMOUNT_FILESYSTEMS
ADDED from AndroidManifest.xml:167:5-168:23
	android:name
		ADDED from AndroidManifest.xml:167:22-81
uses-permission#android.permission.READ_LOGS
ADDED from AndroidManifest.xml:169:5-170:23
	android:name
		ADDED from AndroidManifest.xml:169:22-65
uses-permission#android.permission.VIBRATE
ADDED from AndroidManifest.xml:171:5-66
	android:name
		ADDED from AndroidManifest.xml:171:22-63
uses-permission#android.permission.WAKE_LOCK
ADDED from AndroidManifest.xml:172:5-68
	android:name
		ADDED from AndroidManifest.xml:172:22-65
uses-permission#android.permission.WRITE_SETTINGS
ADDED from AndroidManifest.xml:173:5-73
	android:name
		ADDED from AndroidManifest.xml:173:22-70